[13:36:26] [main/INFO] (FabricLoader/GameProvider) Loading Minecraft 26.1.2 with Fabric Loader 0.19.1
[13:36:26] [main/INFO] (FabricLoader/Mappings) Mappings not present!
[13:36:26] [main/INFO] (FabricLoader) Loading 55 mods:
	- fabric-api 0.154.0+26.1.2
	- fabric-api-base 2.0.3+ece0632359
	- fabric-api-lookup-api-v1 2.0.12+d5a053b64c
	- fabric-biome-api-v1 18.0.5+2fa62b4e4c
	- fabric-block-api-v1 3.0.2+ec56b6014c
	- fabric-block-getter-api-v2 2.0.6+ec56b6014c
	- fabric-client-gametest-api-v1 5.1.0+0a5283664c
	- fabric-command-api-v2 3.0.5+e2bdee784c
	- fabric-content-registries-v0 11.2.1+76b0b6bb4c
	- fabric-convention-tags-v2 4.6.2+4f11f7994c
	- fabric-crash-report-info-v1 1.0.3+9f78a5a84c
	- fabric-creative-tab-api-v1 5.0.11+d871b99e4c
	- fabric-data-attachment-api-v1 2.2.9+44a0bd1d4c
	- fabric-data-generation-api-v1 24.3.2+574cf22d4c
	- fabric-debug-api-v1 1.0.1+c792624d4c
	- fabric-dimensions-v1 5.1.6+9cbf5da54c
	- fabric-entity-events-v1 5.0.2+e2bdee784c
	- fabric-events-interaction-v0 5.2.2+07b380be4c
	- fabric-game-rule-api-v1 4.0.5+d871b99e4c
	- fabric-gametest-api-v1 4.0.17+867b87624c
	- fabric-item-api-v1 14.2.0+a2a3a8914c
	- fabric-key-mapping-api-v1 2.0.4+e2bdee7859
	- fabric-lifecycle-events-v1 4.1.1+df84eb3d4c
	- fabric-loot-api-v3 3.0.12+00a1fba64c
	- fabric-menu-api-v1 2.0.14+d871b99e4c
	- fabric-message-api-v1 7.0.5+dae8ce3e4c
	- fabric-model-loading-api-v1 8.0.10+c80601bb4c
	- fabric-networking-api-v1 6.3.1+554860db4c
	- fabric-object-builder-api-v1 23.1.0+abb459f14c
	- fabric-particles-v1 5.0.15+b61fef434c
	- fabric-permission-api-v1 1.0.1+c3369b134c
	- fabric-recipe-api-v1 9.0.16+be4b75ae4c
	- fabric-registry-sync-v0 7.1.0+2fa62b4e4c
	- fabric-renderer-api-v1 13.0.7+c80601bb4c
	- fabric-renderer-indigo 8.1.4+1403e82c4c
	- fabric-rendering-fluids-v1 6.0.1+d871b99e4c
	- fabric-rendering-v1 23.3.0+e9207d814c
	- fabric-resource-conditions-api-v1 6.1.0+83dd0ba34c
	- fabric-resource-loader-v0 3.3.17+4fc5413f4c
	- fabric-resource-loader-v1 2.0.10+7c44c7324c
	- fabric-screen-api-v1 5.1.0+981dd9b24c
	- fabric-serialization-api-v1 2.0.3+11a26f314c
	- fabric-sound-api-v1 2.0.4+11a26f314c
	- fabric-tag-api-v1 2.1.1+371cf5db4c
	- fabric-transfer-api-v1 8.0.6+357ea7334c
	- fabric-transitive-access-wideners-v1 8.1.2+e9207d814c
	- fabricloader 0.19.1
	- java 25
	- malilib 0.28.9
	   \-- conditional-mixin 0.6.4
	- milkytools 1.2.0
	- minecraft 26.1.2
	- mixinextras 0.5.3
	- modmenu 18.0.0-beta.1
	   \-- placeholder-api 3.0.0+26.1
[13:36:26] [main/WARN] (FabricLoader/ModRemap) Runtime mod remapping disabled due to no fabric.remapClasspathFile being specified. You may need to update loom.
[13:36:27] [main/INFO] (FabricLoader/Mixin) SpongePowered MIXIN Subsystem Version=0.8.7 Source=file:/C:/Users/Administrator/.gradle/caches/modules-2/files-2.1/net.fabricmc/sponge-mixin/0.17.1+mixin.0.8.7/1cca8837fa31d8cfbde11a391f108f2bda30bca4/sponge-mixin-0.17.1+mixin.0.8.7.jar Service=Knot/Fabric Env=CLIENT
[13:36:27] [main/INFO] (FabricLoader/Mixin) Compatibility level set to JAVA_25
[13:36:27] [main/WARN] (FabricLoader/Mixin) Error loading class: fi/dy/masa/litematica/util/InventoryUtils (java.lang.ClassNotFoundException: fi/dy/masa/litematica/util/InventoryUtils)
[13:36:27] [main/WARN] (FabricLoader/Mixin) @Mixin target fi.dy.masa.litematica.util.InventoryUtils was not found milkytools.mixins.json:masa.MixinLitematicaInventoryUtils from mod milkytools
[13:36:29] [main/INFO] (FabricLoader/MixinExtras|Service) Initializing MixinExtras via com.llamalad7.mixinextras.service.MixinExtrasServiceImpl(version=0.5.3).
[13:36:31] [Datafixer Bootstrap/INFO] (Minecraft) 291 Datafixer optimizations took 670 milliseconds
[13:36:31] [main/WARN] (PerfmonDisabled) Invalid registry value type detected for PerfOS counters. Should be REG_DWORD. Ignoring: HKEY_LOCAL_MACHINE\SYSTEM\CurrentControlSet\Services\PerfOS\Performance\Disable Performance Counters.
[13:36:40] [Render thread/INFO] (Minecraft) Environment: Environment[sessionHost=https://sessionserver.mojang.com, servicesHost=https://api.minecraftservices.com, profilesHost=https://api.mojang.com, name=PROD]
[13:36:40] [Render thread/INFO] (Minecraft) Setting user: Player727
[13:36:40] [Render thread/INFO] (Mod Menu/Update Checker) Checking mod updates...
[13:36:40] [Render thread/INFO] (Indigo) [Indigo] Registering Indigo renderer!
[13:36:41] [Render thread/INFO] (Minecraft) Backend library: LWJGL version 3.4.1-snapshot
[13:36:41] [Download-2/ERROR] (Minecraft) Failed to fetch user properties
com.mojang.authlib.exceptions.InvalidCredentialsException: Status: 401
	at knot//com.mojang.authlib.exceptions.MinecraftClientHttpException.toAuthenticationException(MinecraftClientHttpException.java:59)
	at knot//com.mojang.authlib.yggdrasil.YggdrasilUserApiService.fetchProperties(YggdrasilUserApiService.java:150)
	at knot//net.minecraft.client.Minecraft.lambda$new$1(Minecraft.java:459)
	at java.base/java.util.concurrent.CompletableFuture$AsyncSupply.run(CompletableFuture.java:1789)
	at java.base/java.util.concurrent.ThreadPoolExecutor.runWorker(ThreadPoolExecutor.java:1090)
	at java.base/java.util.concurrent.ThreadPoolExecutor$Worker.run(ThreadPoolExecutor.java:614)
	at java.base/java.lang.Thread.run(Thread.java:1474)
Caused by: com.mojang.authlib.exceptions.MinecraftClientHttpException: Status: 401
	at knot//com.mojang.authlib.minecraft.client.MinecraftClient.readInputStream(MinecraftClient.java:103)
	at knot//com.mojang.authlib.minecraft.client.MinecraftClient.get(MinecraftClient.java:56)
	at knot//com.mojang.authlib.yggdrasil.YggdrasilUserApiService.fetchProperties(YggdrasilUserApiService.java:121)
	... 5 more
[13:36:42] [ModMenu/Update Checker/Fabric Loader/INFO] (Mod Menu/Update Checker) Update available for 'fabricloader@0.19.1'
[13:36:42] [Download-3/INFO] (Mod Menu/Update Checker) Update available for 'fabric-api@0.154.0+26.1.2', (-> 0.154.2+26.1.2)
[13:36:43] [Render thread/INFO] (Minecraft) Using optional rendering extensions: GL_ARB_buffer_storage, GL_KHR_debug, GL_ARB_vertex_attrib_binding, GL_ARB_direct_state_access, GL_EXT_texture_filter_anisotropic
[13:36:43] [Render thread/INFO] (malilib) Sodium: [N/F], Iris: [N/F]
[13:36:43] [Render thread/WARN] (FabricLoader/Mixin) Method overwrite conflict for drawSegment in milkytools.mixins.json:ArrowTrajectoryMixin from mod milkytools, previously written by com.milky.milkytools.mixin.PearlTrajectoryMixin. Skipping method.
[13:36:43] [Render thread/WARN] (FabricLoader/Mixin) Method overwrite conflict for colorOf in milkytools.mixins.json:ArrowTrajectoryMixin from mod milkytools, previously written by com.milky.milkytools.mixin.PearlTrajectoryMixin. Skipping method.
[13:36:44] [Render thread/INFO] (Minecraft) Reloading ResourceManager: vanilla, conditional-mixin, fabric-api, fabric-api-base, fabric-api-lookup-api-v1, fabric-biome-api-v1, fabric-block-api-v1, fabric-block-getter-api-v2, fabric-client-gametest-api-v1, fabric-command-api-v2, fabric-content-registries-v0, fabric-convention-tags-v2, fabric-crash-report-info-v1, fabric-creative-tab-api-v1, fabric-data-attachment-api-v1, fabric-data-generation-api-v1, fabric-debug-api-v1, fabric-dimensions-v1, fabric-entity-events-v1, fabric-events-interaction-v0, fabric-game-rule-api-v1, fabric-gametest-api-v1, fabric-item-api-v1, fabric-key-mapping-api-v1, fabric-lifecycle-events-v1, fabric-loot-api-v3, fabric-menu-api-v1, fabric-message-api-v1, fabric-model-loading-api-v1, fabric-networking-api-v1, fabric-object-builder-api-v1, fabric-particles-v1, fabric-permission-api-v1, fabric-recipe-api-v1, fabric-registry-sync-v0, fabric-renderer-api-v1, fabric-renderer-indigo, fabric-rendering-fluids-v1, fabric-rendering-v1, fabric-resource-conditions-api-v1, fabric-resource-loader-v0, fabric-resource-loader-v1, fabric-screen-api-v1, fabric-serialization-api-v1, fabric-sound-api-v1, fabric-tag-api-v1, fabric-transfer-api-v1, fabric-transitive-access-wideners-v1, fabricloader, malilib, milkytools, modmenu, placeholder-api
[13:36:44] [Render thread/INFO] (malilib) i18nLang#load: File: '/assets/malilib/lang/en_us.json' has been loaded successfully
[13:36:44] [Render thread/WARN] (malilib) i18nOptionManager#buildLanguageOptions(malilib): Detected [12] available options.
[13:36:44] [Render thread/INFO] (malilib) Carpet: [N/F], CarpetTIS: [N/F]
[13:36:44] [Render thread/INFO] (malilib) i18nLang#load: File: '/assets/malilib/lang/zh_cn.json' has been loaded successfully
[13:36:44] [Render thread/INFO] (malilib) i18nOptionManager#setLang(malilib): Language: 'zh_cn' - has been loaded successfully.
[13:36:44] [Worker-Main-2/INFO] (Minecraft) Found unifont_pua-17.0.01.hex, loading
[13:36:44] [Worker-Main-9/INFO] (Minecraft) Found unifont_all_no_pua-17.0.01.hex, loading
[13:36:44] [Download-3/INFO] (Minecraft) Could not authorize you against Realms server: java.lang.RuntimeException: Failed to parse into SignedJWT: FabricMC
[13:36:44] [Download-3/ERROR] (Minecraft) Failed to fetch Realms feature flags
com.mojang.realmsclient.exception.RealmsServiceException: Realms authentication error with message 'java.lang.RuntimeException: Failed to parse into SignedJWT: FabricMC'
	at knot//com.mojang.realmsclient.client.RealmsClient.execute(RealmsClient.java:526)
	at knot//com.mojang.realmsclient.client.RealmsClient.fetchFeatureFlags(RealmsClient.java:186)
	at java.base/java.util.concurrent.CompletableFuture$AsyncSupply.run(CompletableFuture.java:1789)
	at java.base/java.util.concurrent.ThreadPoolExecutor.runWorker(ThreadPoolExecutor.java:1090)
	at java.base/java.util.concurrent.ThreadPoolExecutor$Worker.run(ThreadPoolExecutor.java:614)
	at java.base/java.lang.Thread.run(Thread.java:1474)
[13:36:44] [Worker-Main-6/INFO] (Minecraft) Found unifont_jp_patch-17.0.01.hex, loading
[13:36:46] [Render thread/INFO] (Minecraft) OpenAL initialized on device OpenAL Soft on 扬声器 (Realtek High Definition Audio)
[13:36:46] [Render thread/INFO] (Minecraft) Sound engine started
[13:36:46] [Render thread/INFO] (Minecraft) Created: 512x256x0 minecraft:textures/atlas/particles.png-atlas
[13:36:46] [Render thread/INFO] (Minecraft) Created: 128x128x0 minecraft:textures/atlas/decorated_pot.png-atlas
[13:36:46] [Render thread/INFO] (Minecraft) Created: 2048x1024x0 minecraft:textures/atlas/armor_trims.png-atlas
[13:36:46] [Render thread/INFO] (Minecraft) Created: 512x256x0 minecraft:textures/atlas/paintings.png-atlas
[13:36:46] [Render thread/INFO] (Minecraft) Created: 1024x512x0 minecraft:textures/atlas/shield_patterns.png-atlas
[13:36:46] [Render thread/INFO] (Minecraft) Created: 2048x2048x4 minecraft:textures/atlas/blocks.png-atlas
[13:36:47] [Render thread/INFO] (Minecraft) Created: 512x512x0 minecraft:textures/atlas/chest.png-atlas
[13:36:47] [Render thread/INFO] (Minecraft) Created: 256x128x0 minecraft:textures/atlas/celestials.png-atlas
[13:36:47] [Render thread/INFO] (Minecraft) Created: 1024x512x0 minecraft:textures/atlas/banner_patterns.png-atlas
[13:36:47] [Render thread/INFO] (Minecraft) Created: 512x512x0 minecraft:textures/atlas/beds.png-atlas
[13:36:47] [Render thread/INFO] (Minecraft) Created: 1024x512x0 minecraft:textures/atlas/items.png-atlas
[13:36:47] [Render thread/INFO] (Minecraft) Created: 1024x1024x0 minecraft:textures/atlas/gui.png-atlas
[13:36:47] [Render thread/INFO] (Minecraft) Created: 128x64x0 minecraft:textures/atlas/map_decorations.png-atlas
[13:36:47] [Render thread/INFO] (Minecraft) Created: 512x256x0 minecraft:textures/atlas/signs.png-atlas
[13:36:47] [Render thread/INFO] (Minecraft) Created: 512x512x0 minecraft:textures/atlas/shulker_boxes.png-atlas
[13:36:48] [IO-Worker-1/INFO] (Minecraft) Could not authorize you against Realms server: java.lang.RuntimeException: Failed to parse into SignedJWT: FabricMC
[13:36:48] [IO-Worker-1/ERROR] (Minecraft) Couldn't connect to realms
com.mojang.realmsclient.exception.RealmsServiceException: Realms authentication error with message 'java.lang.RuntimeException: Failed to parse into SignedJWT: FabricMC'
	at knot//com.mojang.realmsclient.client.RealmsClient.execute(RealmsClient.java:526)
	at knot//com.mojang.realmsclient.client.RealmsClient.clientCompatible(RealmsClient.java:307)
	at knot//com.mojang.realmsclient.RealmsAvailability.lambda$check$0(RealmsAvailability.java:48)
	at java.base/java.util.concurrent.CompletableFuture$AsyncSupply.run(CompletableFuture.java:1789)
	at java.base/java.util.concurrent.ThreadPoolExecutor.runWorker(ThreadPoolExecutor.java:1090)
	at java.base/java.util.concurrent.ThreadPoolExecutor$Worker.run(ThreadPoolExecutor.java:614)
	at java.base/java.lang.Thread.run(Thread.java:1474)
[13:36:52] [Render thread/INFO] (Minecraft) Loaded 1515 recipes
[13:36:52] [Render thread/INFO] (Minecraft) Loaded 1617 advancements
[13:36:53] [Render thread/INFO] (BiomeModificationImpl) Applied 0 biome modifications to 0 of 65 new biomes in 1.460 ms
[13:36:53] [Server thread/INFO] (Minecraft) Starting integrated minecraft server version 26.1.2
[13:36:53] [Server thread/INFO] (Minecraft) Generating keypair
[13:36:53] [Server thread/INFO] (Minecraft) Loading 0 persistent chunks...
[13:36:53] [Server thread/INFO] (Minecraft) 准备生成区域中：16%
[13:36:53] [Server thread/INFO] (Minecraft) Saving chunks for level 'ServerLevel[新的世界]'/minecraft:overworld
[13:36:53] [Server thread/INFO] (Minecraft) Saving chunks for level 'ServerLevel[新的世界]'/minecraft:the_nether
[13:36:53] [Server thread/INFO] (Minecraft) Saving chunks for level 'ServerLevel[新的世界]'/minecraft:the_end
[13:36:53] [Server thread/INFO] (Minecraft) ThreadedAnvilChunkStorage (world): All chunks are saved
[13:36:53] [Server thread/INFO] (Minecraft) ThreadedAnvilChunkStorage (DIM-1): All chunks are saved
[13:36:53] [Server thread/INFO] (Minecraft) ThreadedAnvilChunkStorage (DIM1): All chunks are saved
[13:36:53] [Server thread/INFO] (Minecraft) ThreadedAnvilChunkStorage: All dimensions are saved
[13:36:54] [Server thread/INFO] (Minecraft) Loading 49 chunks for player spawn...
[13:36:54] [Server thread/INFO] (Minecraft) 准备生成区域中：16%
[13:36:54] [Server thread/INFO] (Minecraft) 准备生成区域中：16%
[13:36:55] [Server thread/INFO] (Minecraft) Time elapsed: 1242 ms
[13:36:55] [Server thread/INFO] (Minecraft) Player727[local:E:b54e6663] logged in with entity id 1 at (49.185174582966305, -60.182895054750915, -278.7562988279291)
[13:36:55] [Server thread/INFO] (Minecraft) Player727加入了游戏
[13:36:55] [Server thread/INFO] (Minecraft) Changing view distance to 16, from 10
[13:36:55] [Server thread/INFO] (Minecraft) Changing simulation distance to 12, from 0
[13:36:55] [Render thread/INFO] (Minecraft) Loaded 2 advancements
[13:36:55] [Render thread/INFO] (Minecraft) Resizing Dynamic Transforms UBO, capacity limit of 2 reached during a single frame. New capacity will be 4.
[13:36:55] [Render thread/INFO] (Minecraft) Resizing Dynamic Transforms UBO, capacity limit of 4 reached during a single frame. New capacity will be 8.
[13:36:56] [Render thread/INFO] (Minecraft) Resizing Chunk Sections UBO, capacity limit of 2 reached during a single frame. New capacity will be 8.
[13:36:56] [Render thread/INFO] (Minecraft) Resizing Chunk Sections UBO, capacity limit of 8 reached during a single frame. New capacity will be 16.
[13:36:56] [Render thread/INFO] (Minecraft) Resizing Chunk Sections UBO, capacity limit of 16 reached during a single frame. New capacity will be 32.
[13:36:56] [Render thread/INFO] (Minecraft) Resizing Chunk Sections UBO, capacity limit of 32 reached during a single frame. New capacity will be 64.
[13:36:56] [Render thread/INFO] (Minecraft) Resizing Chunk Sections UBO, capacity limit of 64 reached during a single frame. New capacity will be 128.
[13:36:57] [Render thread/INFO] (Minecraft) Resizing Chunk Sections UBO, capacity limit of 128 reached during a single frame. New capacity will be 256.
[13:36:57] [Render thread/INFO] (Minecraft) Resizing Chunk Sections UBO, capacity limit of 256 reached during a single frame. New capacity will be 512.
[13:36:58] [Render thread/INFO] (Minecraft) Resizing Dynamic Transforms UBO, capacity limit of 8 reached during a single frame. New capacity will be 16.
[13:37:00] [Server thread/INFO] (Minecraft) Saving and pausing game...
[13:37:00] [Server thread/INFO] (Minecraft) Saving chunks for level 'ServerLevel[新的世界]'/minecraft:overworld
[13:37:00] [Server thread/INFO] (Minecraft) Saving chunks for level 'ServerLevel[新的世界]'/minecraft:the_nether
[13:37:00] [Server thread/INFO] (Minecraft) Saving chunks for level 'ServerLevel[新的世界]'/minecraft:the_end
[13:37:01] [Render thread/WARN] (Mod Menu | FabricMod) Warning! Mod milkytools has a broken icon, loading default icon
[13:37:06] [Server thread/INFO] (Minecraft) Saving and pausing game...
[13:37:06] [Server thread/INFO] (Minecraft) Saving chunks for level 'ServerLevel[新的世界]'/minecraft:overworld
[13:37:06] [Server thread/INFO] (Minecraft) Saving chunks for level 'ServerLevel[新的世界]'/minecraft:the_nether
[13:37:06] [Server thread/INFO] (Minecraft) Saving chunks for level 'ServerLevel[新的世界]'/minecraft:the_end
[13:37:17] [Server thread/INFO] (Minecraft) Saving and pausing game...
[13:37:17] [Server thread/INFO] (Minecraft) Saving chunks for level 'ServerLevel[新的世界]'/minecraft:overworld
[13:37:17] [Server thread/INFO] (Minecraft) Saving chunks for level 'ServerLevel[新的世界]'/minecraft:the_nether
[13:37:17] [Server thread/INFO] (Minecraft) Saving chunks for level 'ServerLevel[新的世界]'/minecraft:the_end
[13:37:24] [Server thread/INFO] (Minecraft) Saving and pausing game...
[13:37:24] [Server thread/INFO] (Minecraft) Saving chunks for level 'ServerLevel[新的世界]'/minecraft:overworld
[13:37:24] [Server thread/INFO] (Minecraft) Saving chunks for level 'ServerLevel[新的世界]'/minecraft:the_nether
[13:37:24] [Server thread/INFO] (Minecraft) Saving chunks for level 'ServerLevel[新的世界]'/minecraft:the_end
[13:37:48] [Server thread/INFO] (Minecraft) Saving and pausing game...
[13:37:48] [Server thread/INFO] (Minecraft) Saving chunks for level 'ServerLevel[新的世界]'/minecraft:overworld
[13:37:49] [Server thread/INFO] (Minecraft) Saving chunks for level 'ServerLevel[新的世界]'/minecraft:the_nether
[13:37:49] [Server thread/INFO] (Minecraft) Saving chunks for level 'ServerLevel[新的世界]'/minecraft:the_end
[13:37:53] [Server thread/INFO] (Minecraft) Saving and pausing game...
[13:37:53] [Server thread/INFO] (Minecraft) Saving chunks for level 'ServerLevel[新的世界]'/minecraft:overworld
[13:37:53] [Server thread/INFO] (Minecraft) Saving chunks for level 'ServerLevel[新的世界]'/minecraft:the_nether
[13:37:53] [Server thread/INFO] (Minecraft) Saving chunks for level 'ServerLevel[新的世界]'/minecraft:the_end
[13:38:17] [Server thread/INFO] (Minecraft) Saving and pausing game...
[13:38:17] [Server thread/INFO] (Minecraft) Saving chunks for level 'ServerLevel[新的世界]'/minecraft:overworld
[13:38:17] [Server thread/INFO] (Minecraft) Saving chunks for level 'ServerLevel[新的世界]'/minecraft:the_nether
[13:38:17] [Server thread/INFO] (Minecraft) Saving chunks for level 'ServerLevel[新的世界]'/minecraft:the_end
[13:40:41] [Server thread/INFO] (Minecraft) Saving and pausing game...
[13:40:41] [Server thread/INFO] (Minecraft) Saving chunks for level 'ServerLevel[新的世界]'/minecraft:overworld
[13:40:41] [Server thread/INFO] (Minecraft) Saving chunks for level 'ServerLevel[新的世界]'/minecraft:the_nether
[13:40:41] [Server thread/INFO] (Minecraft) Saving chunks for level 'ServerLevel[新的世界]'/minecraft:the_end
[13:40:54] [Server thread/INFO] (Minecraft) Saving and pausing game...
[13:40:54] [Server thread/INFO] (Minecraft) Saving chunks for level 'ServerLevel[新的世界]'/minecraft:overworld
[13:40:54] [Server thread/INFO] (Minecraft) Saving chunks for level 'ServerLevel[新的世界]'/minecraft:the_nether
[13:40:54] [Server thread/INFO] (Minecraft) Saving chunks for level 'ServerLevel[新的世界]'/minecraft:the_end
[13:41:04] [Server thread/INFO] (Minecraft) Saving and pausing game...
[13:41:04] [Server thread/INFO] (Minecraft) Saving chunks for level 'ServerLevel[新的世界]'/minecraft:overworld
[13:41:04] [Server thread/INFO] (Minecraft) Saving chunks for level 'ServerLevel[新的世界]'/minecraft:the_nether
[13:41:04] [Server thread/INFO] (Minecraft) Saving chunks for level 'ServerLevel[新的世界]'/minecraft:the_end
[13:41:18] [Server thread/INFO] (Minecraft) Saving and pausing game...
[13:41:18] [Server thread/INFO] (Minecraft) Saving chunks for level 'ServerLevel[新的世界]'/minecraft:overworld
[13:41:18] [Server thread/INFO] (Minecraft) Saving chunks for level 'ServerLevel[新的世界]'/minecraft:the_nether
[13:41:18] [Server thread/INFO] (Minecraft) Saving chunks for level 'ServerLevel[新的世界]'/minecraft:the_end
[13:41:18] [Render thread/INFO] (Minecraft) Stopping!
[13:41:18] [Server thread/INFO] (Minecraft) Stopping server
[13:41:18] [Server thread/INFO] (Minecraft) Saving players
[13:41:18] [Server thread/INFO] (Minecraft) Player727 lost connection: 连接中断
[13:41:18] [Server thread/INFO] (Minecraft) Player727退出了游戏
[13:41:18] [Server thread/INFO] (Minecraft) Stopping singleplayer server as player logged out
[13:41:18] [Server thread/INFO] (Minecraft) Saving worlds
[13:41:19] [Server thread/INFO] (Minecraft) Saving chunks for level 'ServerLevel[新的世界]'/minecraft:overworld
[13:41:20] [Server thread/INFO] (Minecraft) Saving chunks for level 'ServerLevel[新的世界]'/minecraft:the_nether
[13:41:20] [Server thread/INFO] (Minecraft) Saving chunks for level 'ServerLevel[新的世界]'/minecraft:the_end
[13:41:20] [Server thread/INFO] (Minecraft) ThreadedAnvilChunkStorage (world): All chunks are saved
[13:41:20] [Server thread/INFO] (Minecraft) ThreadedAnvilChunkStorage (DIM-1): All chunks are saved
[13:41:20] [Server thread/INFO] (Minecraft) ThreadedAnvilChunkStorage (DIM1): All chunks are saved
[13:41:20] [Server thread/INFO] (Minecraft) ThreadedAnvilChunkStorage: All dimensions are saved
